# JRE version: OpenJDK Runtime Environment (8.0_242-b01) (build 1.8.0_242-release-1644-b01)
# Java VM: OpenJDK 64-Bit Server VM (25.242-b01 mixed mode windows-amd64 compressed oops)
Heap:
 PSYoungGen      total 499200K, used 362064K [0x00000000d5580000, 0x00000000fed00000, 0x0000000100000000)
  eden space 350720K, 100% used [0x00000000d5580000,0x00000000eac00000,0x00000000eac00000)
  from space 148480K, 7% used [0x00000000f5c00000,0x00000000f6714108,0x00000000fed00000)
  to   space 164352K, 0% used [0x00000000eac00000,0x00000000eac00000,0x00000000f4c80000)
 ParOldGen       total 526336K, used 329567K [0x0000000080000000, 0x00000000a0200000, 0x00000000d5580000)
  object space 526336K, 62% used [0x0000000080000000,0x00000000941d7cd0,0x00000000a0200000)
 Metaspace       used 97325K, capacity 101754K, committed 102056K, reserved 1138688K
  class space    used 12506K, capacity 13384K, committed 13488K, reserved 1048576K
GC Heap History (10 events):
Event: 757.636 GC heap before
{Heap before GC invocations=37 (full 6):
 PSYoungGen      total 505856K, used 472576K [0x00000000d5580000, 0x0000000100000000, 0x0000000100000000)
  eden space 472576K, 100% used [0x00000000d5580000,0x00000000f2300000,0x00000000f2300000)
  from space 33280K, 0% used [0x00000000fdf80000,0x00000000fdf80000,0x0000000100000000)
  to   space 113152K, 0% used [0x00000000f2300000,0x00000000f2300000,0x00000000f9180000)
 ParOldGen       total 332288K, used 161411K [0x0000000080000000, 0x0000000094480000, 0x00000000d5580000)
  object space 332288K, 48% used [0x0000000080000000,0x0000000089da0e78,0x0000000094480000)
 Metaspace       used 94782K, capacity 99100K, committed 99240K, reserved 1134592K
  class space    used 12340K, capacity 13182K, committed 13232K, reserved 1048576K
Event: 757.820 GC heap after
Heap after GC invocations=37 (full 6):
 PSYoungGen      total 585728K, used 113137K [0x00000000d5580000, 0x0000000100000000, 0x0000000100000000)
  eden space 472576K, 0% used [0x00000000d5580000,0x00000000d5580000,0x00000000f2300000)
  from space 113152K, 99% used [0x00000000f2300000,0x00000000f917c798,0x00000000f9180000)
  to   space 113152K, 0% used [0x00000000f9180000,0x00000000f9180000,0x0000000100000000)
 ParOldGen       total 332288K, used 197522K [0x0000000080000000, 0x0000000094480000, 0x00000000d5580000)
  object space 332288K, 59% used [0x0000000080000000,0x000000008c0e4b08,0x0000000094480000)
 Metaspace       used 94782K, capacity 99100K, committed 99240K, reserved 1134592K
  class space    used 12340K, capacity 13182K, committed 13232K, reserved 1048576K
}
Event: 762.262 GC heap before
{Heap before GC invocations=38 (full 6):
 PSYoungGen      total 585728K, used 585713K [0x00000000d5580000, 0x0000000100000000, 0x0000000100000000)
  eden space 472576K, 100% used [0x00000000d5580000,0x00000000f2300000,0x00000000f2300000)
  from space 113152K, 99% used [0x00000000f2300000,0x00000000f917c798,0x00000000f9180000)
  to   space 113152K, 0% used [0x00000000f9180000,0x00000000f9180000,0x0000000100000000)
 ParOldGen       total 332288K, used 197522K [0x0000000080000000, 0x0000000094480000, 0x00000000d5580000)
  object space 332288K, 59% used [0x0000000080000000,0x000000008c0e4b08,0x0000000094480000)
 Metaspace       used 95485K, capacity 99814K, committed 100136K, reserved 1136640K
  class space    used 12386K, capacity 13252K, committed 13360K, reserved 1048576K
Event: 762.492 GC heap after
Heap after GC invocations=38 (full 6):
 PSYoungGen      total 451584K, used 113142K [0x00000000d5580000, 0x0000000100000000, 0x0000000100000000)
  eden space 338432K, 0% used [0x00000000d5580000,0x00000000d5580000,0x00000000ea000000)
  from space 113152K, 99% used [0x00000000f9180000,0x00000000ffffda18,0x0000000100000000)
  to   space 180224K, 0% used [0x00000000ea000000,0x00000000ea000000,0x00000000f5000000)
 ParOldGen       total 332288K, used 244230K [0x0000000080000000, 0x0000000094480000, 0x00000000d5580000)
  object space 332288K, 73% used [0x0000000080000000,0x000000008ee819c0,0x0000000094480000)
 Metaspace       used 95485K, capacity 99814K, committed 100136K, reserved 1136640K
  class space    used 12386K, capacity 13252K, committed 13360K, reserved 1048576K
}
Event: 763.672 GC heap before
{Heap before GC invocations=39 (full 6):
 PSYoungGen      total 451584K, used 451574K [0x00000000d5580000, 0x0000000100000000, 0x0000000100000000)
  eden space 338432K, 100% used [0x00000000d5580000,0x00000000ea000000,0x00000000ea000000)
  from space 113152K, 99% used [0x00000000f9180000,0x00000000ffffda18,0x0000000100000000)
  to   space 180224K, 0% used [0x00000000ea000000,0x00000000ea000000,0x00000000f5000000)
 ParOldGen       total 332288K, used 244230K [0x0000000080000000, 0x0000000094480000, 0x00000000d5580000)
  object space 332288K, 73% used [0x0000000080000000,0x000000008ee819c0,0x0000000094480000)
 Metaspace       used 95499K, capacity 99814K, committed 100136K, reserved 1136640K
  class space    used 12386K, capacity 13252K, committed 13360K, reserved 1048576K
Event: 763.866 GC heap after
Heap after GC invocations=39 (full 6):
 PSYoungGen      total 518656K, used 55414K [0x00000000d5580000, 0x0000000100000000, 0x0000000100000000)
  eden space 338432K, 0% used [0x00000000d5580000,0x00000000d5580000,0x00000000ea000000)
  from space 180224K, 30% used [0x00000000ea000000,0x00000000ed61d9a8,0x00000000f5000000)
  to   space 167936K, 0% used [0x00000000f5c00000,0x00000000f5c00000,0x0000000100000000)
 ParOldGen       total 332288K, used 309356K [0x0000000080000000, 0x0000000094480000, 0x00000000d5580000)
  object space 332288K, 93% used [0x0000000080000000,0x0000000092e1b348,0x0000000094480000)
 Metaspace       used 95499K, capacity 99814K, committed 100136K, reserved 1136640K
  class space    used 12386K, capacity 13252K, committed 13360K, reserved 1048576K
}
Event: 763.866 GC heap before
{Heap before GC invocations=40 (full 7):
 PSYoungGen      total 518656K, used 55414K [0x00000000d5580000, 0x0000000100000000, 0x0000000100000000)
  eden space 338432K, 0% used [0x00000000d5580000,0x00000000d5580000,0x00000000ea000000)
  from space 180224K, 30% used [0x00000000ea000000,0x00000000ed61d9a8,0x00000000f5000000)
  to   space 167936K, 0% used [0x00000000f5c00000,0x00000000f5c00000,0x0000000100000000)
 ParOldGen       total 332288K, used 309356K [0x0000000080000000, 0x0000000094480000, 0x00000000d5580000)
  object space 332288K, 93% used [0x0000000080000000,0x0000000092e1b348,0x0000000094480000)
 Metaspace       used 95499K, capacity 99814K, committed 100136K, reserved 1136640K
  class space    used 12386K, capacity 13252K, committed 13360K, reserved 1048576K
Event: 766.037 GC heap after
Heap after GC invocations=40 (full 7):
 PSYoungGen      total 518656K, used 0K [0x00000000d5580000, 0x0000000100000000, 0x0000000100000000)
  eden space 338432K, 0% used [0x00000000d5580000,0x00000000d5580000,0x00000000ea000000)
  from space 180224K, 0% used [0x00000000ea000000,0x00000000ea000000,0x00000000f5000000)
  to   space 167936K, 0% used [0x00000000f5c00000,0x00000000f5c00000,0x0000000100000000)
 ParOldGen       total 526336K, used 329559K [0x0000000080000000, 0x00000000a0200000, 0x00000000d5580000)
  object space 526336K, 62% used [0x0000000080000000,0x00000000941d5cd0,0x00000000a0200000)
 Metaspace       used 95499K, capacity 99814K, committed 100136K, reserved 1136640K
  class space    used 12386K, capacity 13252K, committed 13360K, reserved 1048576K
}
Event: 780.410 GC heap before
{Heap before GC invocations=41 (full 7):
 PSYoungGen      total 518656K, used 338432K [0x00000000d5580000, 0x0000000100000000, 0x0000000100000000)
  eden space 338432K, 100% used [0x00000000d5580000,0x00000000ea000000,0x00000000ea000000)
  from space 180224K, 0% used [0x00000000ea000000,0x00000000ea000000,0x00000000f5000000)
  to   space 167936K, 0% used [0x00000000f5c00000,0x00000000f5c00000,0x0000000100000000)
 ParOldGen       total 526336K, used 329559K [0x0000000080000000, 0x00000000a0200000, 0x00000000d5580000)
  object space 526336K, 62% used [0x0000000080000000,0x00000000941d5cd0,0x00000000a0200000)
 Metaspace       used 97277K, capacity 101658K, committed 101928K, reserved 1138688K
  class space    used 12505K, capacity 13352K, committed 13360K, reserved 1048576K
Event: 780.450 GC heap after
Heap after GC invocations=41 (full 7):
 PSYoungGen      total 499200K, used 11344K [0x00000000d5580000, 0x00000000fed00000, 0x0000000100000000)
  eden space 350720K, 0% used [0x00000000d5580000,0x00000000d5580000,0x00000000eac00000)
  from space 148480K, 7% used [0x00000000f5c00000,0x00000000f6714108,0x00000000fed00000)
  to   space 164352K, 0% used [0x00000000eac00000,0x00000000eac00000,0x00000000f4c80000)
 ParOldGen       total 526336K, used 329567K [0x0000000080000000, 0x00000000a0200000, 0x00000000d5580000)
  object space 526336K, 62% used [0x0000000080000000,0x00000000941d7cd0,0x00000000a0200000)
 Metaspace       used 97277K, capacity 101658K, committed 101928K, reserved 1138688K
  class space    used 12505K, capacity 13352K, committed 13360K, reserved 1048576K
}

