# JRE version: OpenJDK Runtime Environment (8.0_242-b01) (build 1.8.0_242-release-1644-b01)
# Java VM: OpenJDK 64-Bit Server VM (25.242-b01 mixed mode windows-amd64 compressed oops)
Heap:
 PSYoungGen      total 372736K, used 293725K [0x00000000d5580000, 0x00000000f3c00000, 0x0000000100000000)
  eden space 306176K, 93% used [0x00000000d5580000,0x00000000e6bcad80,0x00000000e8080000)
  from space 66560K, 13% used [0x00000000ec080000,0x00000000ec90c6f8,0x00000000f0180000)
  to   space 65536K, 0% used [0x00000000e8080000,0x00000000e8080000,0x00000000ec080000)
 ParOldGen       total 249856K, used 160007K [0x0000000080000000, 0x000000008f400000, 0x00000000d5580000)
  object space 249856K, 64% used [0x0000000080000000,0x0000000089c41df0,0x000000008f400000)
 Metaspace       used 94880K, capacity 100042K, committed 100992K, reserved 1136640K
  class space    used 12617K, capacity 13676K, committed 13952K, reserved 1048576K
GC Heap History (10 events):
Event: 978.475 GC heap before
{Heap before GC invocations=23 (full 4):
 PSYoungGen      total 330752K, used 330655K [0x00000000d5580000, 0x00000000f0500000, 0x0000000100000000)
  eden space 298496K, 100% used [0x00000000d5580000,0x00000000e7900000,0x00000000e7900000)
  from space 32256K, 99% used [0x00000000ee580000,0x00000000f04e7fa0,0x00000000f0500000)
  to   space 56832K, 0% used [0x00000000e9600000,0x00000000e9600000,0x00000000ecd80000)
 ParOldGen       total 174592K, used 127899K [0x0000000080000000, 0x000000008aa80000, 0x00000000d5580000)
  object space 174592K, 73% used [0x0000000080000000,0x0000000087ce6f18,0x000000008aa80000)
 Metaspace       used 90719K, capacity 95568K, committed 95744K, reserved 1132544K
  class space    used 12240K, capacity 13271K, committed 13312K, reserved 1048576K
Event: 978.586 GC heap after
Heap after GC invocations=23 (full 4):
 PSYoungGen      total 343040K, used 56818K [0x00000000d5580000, 0x00000000ef300000, 0x0000000100000000)
  eden space 286208K, 0% used [0x00000000d5580000,0x00000000d5580000,0x00000000e6d00000)
  from space 56832K, 99% used [0x00000000e9600000,0x00000000ecd7cb20,0x00000000ecd80000)
  to   space 38400K, 0% used [0x00000000ecd80000,0x00000000ecd80000,0x00000000ef300000)
 ParOldGen       total 174592K, used 135449K [0x0000000080000000, 0x000000008aa80000, 0x00000000d5580000)
  object space 174592K, 77% used [0x0000000080000000,0x00000000884467b0,0x000000008aa80000)
 Metaspace       used 90719K, capacity 95568K, committed 95744K, reserved 1132544K
  class space    used 12240K, capacity 13271K, committed 13312K, reserved 1048576K
}
Event: 987.775 GC heap before
{Heap before GC invocations=24 (full 4):
 PSYoungGen      total 343040K, used 343026K [0x00000000d5580000, 0x00000000ef300000, 0x0000000100000000)
  eden space 286208K, 100% used [0x00000000d5580000,0x00000000e6d00000,0x00000000e6d00000)
  from space 56832K, 99% used [0x00000000e9600000,0x00000000ecd7cb20,0x00000000ecd80000)
  to   space 38400K, 0% used [0x00000000ecd80000,0x00000000ecd80000,0x00000000ef300000)
 ParOldGen       total 174592K, used 135449K [0x0000000080000000, 0x000000008aa80000, 0x00000000d5580000)
  object space 174592K, 77% used [0x0000000080000000,0x00000000884467b0,0x000000008aa80000)
 Metaspace       used 95008K, capacity 100634K, committed 100992K, reserved 1136640K
  class space    used 12701K, capacity 13846K, committed 13952K, reserved 1048576K
Event: 987.865 GC heap after
Heap after GC invocations=24 (full 4):
 PSYoungGen      total 356864K, used 33834K [0x00000000d5580000, 0x00000000f1600000, 0x0000000100000000)
  eden space 318464K, 0% used [0x00000000d5580000,0x00000000d5580000,0x00000000e8c80000)
  from space 38400K, 88% used [0x00000000ecd80000,0x00000000eee8a8d8,0x00000000ef300000)
  to   space 66560K, 0% used [0x00000000e8c80000,0x00000000e8c80000,0x00000000ecd80000)
 ParOldGen       total 174592K, used 155295K [0x0000000080000000, 0x000000008aa80000, 0x00000000d5580000)
  object space 174592K, 88% used [0x0000000080000000,0x00000000897a7d08,0x000000008aa80000)
 Metaspace       used 95008K, capacity 100634K, committed 100992K, reserved 1136640K
  class space    used 12701K, capacity 13846K, committed 13952K, reserved 1048576K
}
Event: 987.865 GC heap before
{Heap before GC invocations=25 (full 5):
 PSYoungGen      total 356864K, used 33834K [0x00000000d5580000, 0x00000000f1600000, 0x0000000100000000)
  eden space 318464K, 0% used [0x00000000d5580000,0x00000000d5580000,0x00000000e8c80000)
  from space 38400K, 88% used [0x00000000ecd80000,0x00000000eee8a8d8,0x00000000ef300000)
  to   space 66560K, 0% used [0x00000000e8c80000,0x00000000e8c80000,0x00000000ecd80000)
 ParOldGen       total 174592K, used 155295K [0x0000000080000000, 0x000000008aa80000, 0x00000000d5580000)
  object space 174592K, 88% used [0x0000000080000000,0x00000000897a7d08,0x000000008aa80000)
 Metaspace       used 95008K, capacity 100634K, committed 100992K, reserved 1136640K
  class space    used 12701K, capacity 13846K, committed 13952K, reserved 1048576K
Event: 988.663 GC heap after
Heap after GC invocations=25 (full 5):
 PSYoungGen      total 356864K, used 0K [0x00000000d5580000, 0x00000000f1600000, 0x0000000100000000)
  eden space 318464K, 0% used [0x00000000d5580000,0x00000000d5580000,0x00000000e8c80000)
  from space 38400K, 0% used [0x00000000ecd80000,0x00000000ecd80000,0x00000000ef300000)
  to   space 66560K, 0% used [0x00000000e8c80000,0x00000000e8c80000,0x00000000ecd80000)
 ParOldGen       total 249856K, used 159999K [0x0000000080000000, 0x000000008f400000, 0x00000000d5580000)
  object space 249856K, 64% used [0x0000000080000000,0x0000000089c3fdf0,0x000000008f400000)
 Metaspace       used 94719K, capacity 99880K, committed 100992K, reserved 1136640K
  class space    used 12600K, capacity 13669K, committed 13952K, reserved 1048576K
}
Event: 992.076 GC heap before
{Heap before GC invocations=26 (full 5):
 PSYoungGen      total 356864K, used 318464K [0x00000000d5580000, 0x00000000f1600000, 0x0000000100000000)
  eden space 318464K, 100% used [0x00000000d5580000,0x00000000e8c80000,0x00000000e8c80000)
  from space 38400K, 0% used [0x00000000ecd80000,0x00000000ecd80000,0x00000000ef300000)
  to   space 66560K, 0% used [0x00000000e8c80000,0x00000000e8c80000,0x00000000ecd80000)
 ParOldGen       total 249856K, used 159999K [0x0000000080000000, 0x000000008f400000, 0x00000000d5580000)
  object space 249856K, 64% used [0x0000000080000000,0x0000000089c3fdf0,0x000000008f400000)
 Metaspace       used 94849K, capacity 99972K, committed 100992K, reserved 1136640K
  class space    used 12616K, capacity 13675K, committed 13952K, reserved 1048576K
Event: 992.101 GC heap after
Heap after GC invocations=26 (full 5):
 PSYoungGen      total 310784K, used 5457K [0x00000000d5580000, 0x00000000f0180000, 0x0000000100000000)
  eden space 305152K, 0% used [0x00000000d5580000,0x00000000d5580000,0x00000000e7f80000)
  from space 5632K, 96% used [0x00000000e8c80000,0x00000000e91d46f8,0x00000000e9200000)
  to   space 66560K, 0% used [0x00000000ec080000,0x00000000ec080000,0x00000000f0180000)
 ParOldGen       total 249856K, used 159999K [0x0000000080000000, 0x000000008f400000, 0x00000000d5580000)
  object space 249856K, 64% used [0x0000000080000000,0x0000000089c3fdf0,0x000000008f400000)
 Metaspace       used 94849K, capacity 99972K, committed 100992K, reserved 1136640K
  class space    used 12616K, capacity 13675K, committed 13952K, reserved 1048576K
}
Event: 994.474 GC heap before
{Heap before GC invocations=27 (full 5):
 PSYoungGen      total 310784K, used 310609K [0x00000000d5580000, 0x00000000f0180000, 0x0000000100000000)
  eden space 305152K, 100% used [0x00000000d5580000,0x00000000e7f80000,0x00000000e7f80000)
  from space 5632K, 96% used [0x00000000e8c80000,0x00000000e91d46f8,0x00000000e9200000)
  to   space 66560K, 0% used [0x00000000ec080000,0x00000000ec080000,0x00000000f0180000)
 ParOldGen       total 249856K, used 159999K [0x0000000080000000, 0x000000008f400000, 0x00000000d5580000)
  object space 249856K, 64% used [0x0000000080000000,0x0000000089c3fdf0,0x000000008f400000)
 Metaspace       used 94875K, capacity 100042K, committed 100992K, reserved 1136640K
  class space    used 12617K, capacity 13676K, committed 13952K, reserved 1048576K
Event: 994.499 GC heap after
Heap after GC invocations=27 (full 5):
 PSYoungGen      total 372736K, used 8753K [0x00000000d5580000, 0x00000000f3c00000, 0x0000000100000000)
  eden space 306176K, 0% used [0x00000000d5580000,0x00000000d5580000,0x00000000e8080000)
  from space 66560K, 13% used [0x00000000ec080000,0x00000000ec90c6f8,0x00000000f0180000)
  to   space 65536K, 0% used [0x00000000e8080000,0x00000000e8080000,0x00000000ec080000)
 ParOldGen       total 249856K, used 160007K [0x0000000080000000, 0x000000008f400000, 0x00000000d5580000)
  object space 249856K, 64% used [0x0000000080000000,0x0000000089c41df0,0x000000008f400000)
 Metaspace       used 94875K, capacity 100042K, committed 100992K, reserved 1136640K
  class space    used 12617K, capacity 13676K, committed 13952K, reserved 1048576K
}

